<?xml version="1.0" encoding="UTF-8"?>
<testsuite xmlns:xsi="http://www.w3.org/2001/XMLSchema-instance" xsi:noNamespaceSchemaLocation="https://maven.apache.org/surefire/maven-failsafe-plugin/xsd/failsafe-test-report-3.0.xsd" version="3.0" name="com.epam.brest.dao.jdbc.EmployeeDaoJdbcIT" time="0.262" tests="5" errors="0" skipped="0" failures="0">
  <properties>
[...]
</properties>
  <testcase name="findAllEmployeesTest" classname="com.epam.brest.dao.jdbc.EmployeeDaoJdbcIT" time="0.033"/>
  <testcase name="createEmployeeTest" classname="com.epam.brest.dao.jdbc.EmployeeDaoJdbcIT" time="0.064"/>
  <testcase name="deleteEmployeeTest" classname="com.epam.brest.dao.jdbc.EmployeeDaoJdbcIT" time="0.052"/>
  <testcase name="findByIdTest" classname="com.epam.brest.dao.jdbc.EmployeeDaoJdbcIT" time="0.032"/>
  <testcase name="updateEmployeeTest" classname="com.epam.brest.dao.jdbc.EmployeeDaoJdbcIT" time="0.029"/>
</testsuite>