<?xml version="1.0" encoding="UTF-8"?>
<testsuite xmlns:xsi="http://www.w3.org/2001/XMLSchema-instance" xsi:noNamespaceSchemaLocation="https://maven.apache.org/surefire/maven-failsafe-plugin/xsd/failsafe-test-report-3.0.xsd" version="3.0" name="com.epam.brest.model.DepartmentIT" time="0.15" tests="2" errors="0" skipped="0" failures="0">
  <properties>
[...]
</properties>
  <testcase name="getDepartmentNameSetterTest" classname="com.epam.brest.model.DepartmentIT" time="0.099"/>
  <testcase name="getDepartmentNameConstructorTest" classname="com.epam.brest.model.DepartmentIT" time="0.004"/>
</testsuite>