<?xml version="1.0" encoding="UTF-8"?>
<testsuite xmlns:xsi="http://www.w3.org/2001/XMLSchema-instance" xsi:noNamespaceSchemaLocation="https://maven.apache.org/surefire/maven-failsafe-plugin/xsd/failsafe-test-report-3.0.xsd" version="3.0" name="com.epam.brest.web_app.DepartmentControllerIT" time="8.293" tests="7" errors="0" skipped="0" failures="0">
  <properties>
[...]
</properties>
  <testcase name="shouldAddNewDepartment" classname="com.epam.brest.web_app.DepartmentControllerIT" time="1.269"/>
  <testcase name="shouldOpenNewDepartmentPage" classname="com.epam.brest.web_app.DepartmentControllerIT" time="1.178"/>
  <testcase name="shouldOpenEditDepartmentPageById" classname="com.epam.brest.web_app.DepartmentControllerIT" time="0.078"/>
  <testcase name="shouldUpdateDepartmentAfterEdit" classname="com.epam.brest.web_app.DepartmentControllerIT" time="0.031"/>
  <testcase name="shouldReturnDepartmentsPage" classname="com.epam.brest.web_app.DepartmentControllerIT" time="0.15"/>
  <testcase name="shouldDeleteDepartment" classname="com.epam.brest.web_app.DepartmentControllerIT" time="0.039"/>
  <testcase name="shouldReturnToDepartmentsPageIfDepartmentNotFoundById" classname="com.epam.brest.web_app.DepartmentControllerIT" time="0.024"/>
</testsuite>